<?xml version="1.0" encoding="UTF-8"?>
<testsuites tests="2" failures="0" errors="0" time="0.014051">
	<testsuite tests="2" failures="0" time="0.014000" name="api-tests" timestamp="2025-08-25T11:33:33+07:00">
		<properties>
			<property name="go.version" value="go1.25.0 linux/amd64"></property>
		</properties>
		<testcase classname="api-tests" name="TestSuites/TestGetListArticles" time="0.000000"></testcase>
		<testcase classname="api-tests" name="TestSuites" time="0.010000"></testcase>
	</testsuite>
	<testsuite tests="0" failures="0" time="0.000000" name="api-tests/config" timestamp="2025-08-25T11:33:33+07:00">
		<properties>
			<property name="go.version" value="go1.25.0 linux/amd64"></property>
		</properties>
	</testsuite>
	<testsuite tests="0" failures="0" time="0.000000" name="api-tests/scripts" timestamp="2025-08-25T11:33:33+07:00">
		<properties>
			<property name="go.version" value="go1.25.0 linux/amd64"></property>
		</properties>
	</testsuite>
	<testsuite tests="0" failures="0" time="0.000000" name="api-tests/suites" timestamp="2025-08-25T11:33:33+07:00">
		<properties>
			<property name="go.version" value="go1.25.0 linux/amd64"></property>
		</properties>
	</testsuite>
</testsuites>